Determining if the CL_VERSION_2_2 exist failed with the following output:
Change Dir: /Users/deladia/CLionProjects/fractol/cmake-build-debug/CMakeFiles/CMakeTmp

Run Build Command(s):/usr/bin/make cmTC_9cd33/fast 
/Applications/Xcode.app/Contents/Developer/usr/bin/make -f CMakeFiles/cmTC_9cd33.dir/build.make CMakeFiles/cmTC_9cd33.dir/build
Building C object CMakeFiles/cmTC_9cd33.dir/CheckSymbolExists.c.o
/Applications/Xcode.app/Contents/Developer/Toolchains/XcodeDefault.xctoolchain/usr/bin/cc   -std=gnu99 -o CMakeFiles/cmTC_9cd33.dir/CheckSymbolExists.c.o   -c /Users/deladia/CLionProjects/fractol/cmake-build-debug/CMakeFiles/CMakeTmp/CheckSymbolExists.c
/Users/deladia/CLionProjects/fractol/cmake-build-debug/CMakeFiles/CMakeTmp/CheckSymbolExists.c:8:19: error: use of undeclared identifier 'CL_VERSION_2_2'
  return ((int*)(&CL_VERSION_2_2))[argc];
                  ^
1 error generated.
make[1]: *** [CMakeFiles/cmTC_9cd33.dir/CheckSymbolExists.c.o] Error 1
make: *** [cmTC_9cd33/fast] Error 2

File /Users/deladia/CLionProjects/fractol/cmake-build-debug/CMakeFiles/CMakeTmp/CheckSymbolExists.c:
/* */
#include </System/Library/Frameworks/OpenCL.framework/Headers/cl.h>

int main(int argc, char** argv)
{
  (void)argv;
#ifndef CL_VERSION_2_2
  return ((int*)(&CL_VERSION_2_2))[argc];
#else
  (void)argc;
  return 0;
#endif
}

Determining if the CL_VERSION_2_1 exist failed with the following output:
Change Dir: /Users/deladia/CLionProjects/fractol/cmake-build-debug/CMakeFiles/CMakeTmp

Run Build Command(s):/usr/bin/make cmTC_f4ecf/fast 
/Applications/Xcode.app/Contents/Developer/usr/bin/make -f CMakeFiles/cmTC_f4ecf.dir/build.make CMakeFiles/cmTC_f4ecf.dir/build
Building C object CMakeFiles/cmTC_f4ecf.dir/CheckSymbolExists.c.o
/Applications/Xcode.app/Contents/Developer/Toolchains/XcodeDefault.xctoolchain/usr/bin/cc   -std=gnu99 -o CMakeFiles/cmTC_f4ecf.dir/CheckSymbolExists.c.o   -c /Users/deladia/CLionProjects/fractol/cmake-build-debug/CMakeFiles/CMakeTmp/CheckSymbolExists.c
/Users/deladia/CLionProjects/fractol/cmake-build-debug/CMakeFiles/CMakeTmp/CheckSymbolExists.c:8:19: error: use of undeclared identifier 'CL_VERSION_2_1'
  return ((int*)(&CL_VERSION_2_1))[argc];
                  ^
1 error generated.
make[1]: *** [CMakeFiles/cmTC_f4ecf.dir/CheckSymbolExists.c.o] Error 1
make: *** [cmTC_f4ecf/fast] Error 2

File /Users/deladia/CLionProjects/fractol/cmake-build-debug/CMakeFiles/CMakeTmp/CheckSymbolExists.c:
/* */
#include </System/Library/Frameworks/OpenCL.framework/Headers/cl.h>

int main(int argc, char** argv)
{
  (void)argv;
#ifndef CL_VERSION_2_1
  return ((int*)(&CL_VERSION_2_1))[argc];
#else
  (void)argc;
  return 0;
#endif
}

Determining if the CL_VERSION_2_0 exist failed with the following output:
Change Dir: /Users/deladia/CLionProjects/fractol/cmake-build-debug/CMakeFiles/CMakeTmp

Run Build Command(s):/usr/bin/make cmTC_d0348/fast 
/Applications/Xcode.app/Contents/Developer/usr/bin/make -f CMakeFiles/cmTC_d0348.dir/build.make CMakeFiles/cmTC_d0348.dir/build
Building C object CMakeFiles/cmTC_d0348.dir/CheckSymbolExists.c.o
/Applications/Xcode.app/Contents/Developer/Toolchains/XcodeDefault.xctoolchain/usr/bin/cc   -std=gnu99 -o CMakeFiles/cmTC_d0348.dir/CheckSymbolExists.c.o   -c /Users/deladia/CLionProjects/fractol/cmake-build-debug/CMakeFiles/CMakeTmp/CheckSymbolExists.c
/Users/deladia/CLionProjects/fractol/cmake-build-debug/CMakeFiles/CMakeTmp/CheckSymbolExists.c:8:19: error: use of undeclared identifier 'CL_VERSION_2_0'
  return ((int*)(&CL_VERSION_2_0))[argc];
                  ^
1 error generated.
make[1]: *** [CMakeFiles/cmTC_d0348.dir/CheckSymbolExists.c.o] Error 1
make: *** [cmTC_d0348/fast] Error 2

File /Users/deladia/CLionProjects/fractol/cmake-build-debug/CMakeFiles/CMakeTmp/CheckSymbolExists.c:
/* */
#include </System/Library/Frameworks/OpenCL.framework/Headers/cl.h>

int main(int argc, char** argv)
{
  (void)argv;
#ifndef CL_VERSION_2_0
  return ((int*)(&CL_VERSION_2_0))[argc];
#else
  (void)argc;
  return 0;
#endif
}

